<?xml version="1.0" encoding="UTF-8"?>
<testng-results skipped="0" failed="2" ignored="0" total="12" passed="10">
  <reporter-output>
  </reporter-output>
  <suite name="Suite" duration-ms="42413" started-at="2017-08-31T19:06:23Z" finished-at="2017-08-31T19:07:06Z">
    <groups>
    </groups>
    <test name="Test" duration-ms="26838" started-at="2017-08-31T19:06:23Z" finished-at="2017-08-31T19:06:50Z">
      <class name="runTestCases.TestDemoPage">
        <test-method status="PASS" signature="BeforeTest()[pri:0, instance:runTestCases.TestDemoPage@616ca2]" name="BeforeTest" is-config="true" duration-ms="4150" started-at="2017-08-31T16:06:23Z" finished-at="2017-08-31T16:06:27Z">
          <reporter-output>
          </reporter-output>
        </test-method> <!-- BeforeTest -->
        <test-method status="PASS" signature="testDemoPage()[pri:0, instance:runTestCases.TestDemoPage@616ca2]" name="testDemoPage" duration-ms="18074" started-at="2017-08-31T16:06:27Z" finished-at="2017-08-31T16:06:45Z">
          <reporter-output>
          </reporter-output>
        </test-method> <!-- testDemoPage -->
        <test-method status="PASS" signature="testAppLink()[pri:1, instance:runTestCases.TestDemoPage@616ca2]" name="testAppLink" duration-ms="3447" started-at="2017-08-31T16:06:45Z" finished-at="2017-08-31T16:06:49Z">
          <reporter-output>
          </reporter-output>
        </test-method> <!-- testAppLink -->
        <test-method status="PASS" signature="AfterTest()[pri:0, instance:runTestCases.TestDemoPage@616ca2]" name="AfterTest" is-config="true" duration-ms="1154" started-at="2017-08-31T16:06:49Z" finished-at="2017-08-31T16:06:50Z">
          <reporter-output>
          </reporter-output>
        </test-method> <!-- AfterTest -->
      </class> <!-- runTestCases.TestDemoPage -->
    </test> <!-- Test -->
    <test name="DragAndDropTest" duration-ms="10960" started-at="2017-08-31T19:06:50Z" finished-at="2017-08-31T19:07:01Z">
      <class name="runTestCases.TestDragAndDrop">
        <test-method status="PASS" signature="setUp()[pri:0, instance:runTestCases.TestDragAndDrop@136f0f5]" name="setUp" is-config="true" duration-ms="2817" started-at="2017-08-31T16:06:50Z" finished-at="2017-08-31T16:06:53Z">
          <reporter-output>
          </reporter-output>
        </test-method> <!-- setUp -->
        <test-method status="PASS" signature="dragAndDrop()[pri:0, instance:runTestCases.TestDragAndDrop@136f0f5]" name="dragAndDrop" duration-ms="66" started-at="2017-08-31T16:06:53Z" finished-at="2017-08-31T16:06:53Z">
          <reporter-output>
          </reporter-output>
        </test-method> <!-- dragAndDrop -->
        <test-method status="FAIL" signature="dragAndDrop2()[pri:1, instance:runTestCases.TestDragAndDrop@136f0f5]" name="dragAndDrop2" duration-ms="39" started-at="2017-08-31T16:06:53Z" finished-at="2017-08-31T16:06:53Z">
          <exception class="java.lang.AssertionError">
            <message>
              <![CDATA[expected [true] but found [false]]]>
            </message>
            <full-stacktrace>
              <![CDATA[java.lang.AssertionError: expected [true] but found [false]
	at org.testng.Assert.fail(Assert.java:93)
	at org.testng.Assert.failNotEquals(Assert.java:512)
	at org.testng.Assert.assertTrue(Assert.java:41)
	at org.testng.Assert.assertTrue(Assert.java:51)
	at testCases.TestHTML5DragDrop.testDragAndDrop2(TestHTML5DragDrop.java:42)
	at runTestCases.TestDragAndDrop.dragAndDrop2(TestDragAndDrop.java:38)
	at sun.reflect.NativeMethodAccessorImpl.invoke0(Native Method)
	at sun.reflect.NativeMethodAccessorImpl.invoke(Unknown Source)
	at sun.reflect.DelegatingMethodAccessorImpl.invoke(Unknown Source)
	at java.lang.reflect.Method.invoke(Unknown Source)
	at org.testng.internal.MethodInvocationHelper.invokeMethod(MethodInvocationHelper.java:108)
	at org.testng.internal.Invoker.invokeMethod(Invoker.java:661)
	at org.testng.internal.Invoker.invokeTestMethod(Invoker.java:869)
	at org.testng.internal.Invoker.invokeTestMethods(Invoker.java:1193)
	at org.testng.internal.TestMethodWorker.invokeTestMethods(TestMethodWorker.java:126)
	at org.testng.internal.TestMethodWorker.run(TestMethodWorker.java:109)
	at org.testng.TestRunner.privateRun(TestRunner.java:744)
	at org.testng.TestRunner.run(TestRunner.java:602)
	at org.testng.SuiteRunner.runTest(SuiteRunner.java:380)
	at org.testng.SuiteRunner.runSequentially(SuiteRunner.java:375)
	at org.testng.SuiteRunner.privateRun(SuiteRunner.java:340)
	at org.testng.SuiteRunner.run(SuiteRunner.java:289)
	at org.testng.SuiteRunnerWorker.runSuite(SuiteRunnerWorker.java:52)
	at org.testng.SuiteRunnerWorker.run(SuiteRunnerWorker.java:86)
	at org.testng.TestNG.runSuitesSequentially(TestNG.java:1301)
	at org.testng.TestNG.runSuitesLocally(TestNG.java:1226)
	at org.testng.TestNG.runSuites(TestNG.java:1144)
	at org.testng.TestNG.run(TestNG.java:1115)
	at org.apache.maven.surefire.testng.TestNGExecutor.run(TestNGExecutor.java:177)
	at org.apache.maven.surefire.testng.TestNGXmlTestSuite.execute(TestNGXmlTestSuite.java:92)
	at org.apache.maven.surefire.testng.TestNGProvider.invoke(TestNGProvider.java:105)
	at sun.reflect.NativeMethodAccessorImpl.invoke0(Native Method)
	at sun.reflect.NativeMethodAccessorImpl.invoke(Unknown Source)
	at sun.reflect.DelegatingMethodAccessorImpl.invoke(Unknown Source)
	at java.lang.reflect.Method.invoke(Unknown Source)
	at org.apache.maven.surefire.util.ReflectionUtils.invokeMethodWithArray(ReflectionUtils.java:189)
	at org.apache.maven.surefire.booter.ProviderFactory$ProviderProxy.invoke(ProviderFactory.java:165)
	at org.apache.maven.surefire.booter.ProviderFactory.invokeProvider(ProviderFactory.java:85)
	at org.apache.maven.surefire.booter.ForkedBooter.runSuitesInProcess(ForkedBooter.java:103)
	at org.apache.maven.surefire.booter.ForkedBooter.main(ForkedBooter.java:74)
]]>
            </full-stacktrace>
          </exception> <!-- java.lang.AssertionError -->
          <reporter-output>
          </reporter-output>
        </test-method> <!-- dragAndDrop2 -->
        <test-method status="PASS" signature="dragAndDrop3()[pri:2, instance:runTestCases.TestDragAndDrop@136f0f5]" name="dragAndDrop3" duration-ms="36" started-at="2017-08-31T16:06:53Z" finished-at="2017-08-31T16:06:53Z">
          <reporter-output>
          </reporter-output>
        </test-method> <!-- dragAndDrop3 -->
        <test-method status="PASS" signature="dragAndDrop4()[pri:3, instance:runTestCases.TestDragAndDrop@136f0f5]" name="dragAndDrop4" duration-ms="39" started-at="2017-08-31T16:06:53Z" finished-at="2017-08-31T16:06:53Z">
          <reporter-output>
          </reporter-output>
        </test-method> <!-- dragAndDrop4 -->
        <test-method status="FAIL" signature="dragAndDrop5()[pri:4, instance:runTestCases.TestDragAndDrop@136f0f5]" name="dragAndDrop5" duration-ms="35" started-at="2017-08-31T16:06:53Z" finished-at="2017-08-31T16:06:53Z">
          <exception class="java.lang.AssertionError">
            <message>
              <![CDATA[expected [true] but found [false]]]>
            </message>
            <full-stacktrace>
              <![CDATA[java.lang.AssertionError: expected [true] but found [false]
	at org.testng.Assert.fail(Assert.java:93)
	at org.testng.Assert.failNotEquals(Assert.java:512)
	at org.testng.Assert.assertTrue(Assert.java:41)
	at org.testng.Assert.assertTrue(Assert.java:51)
	at testCases.TestHTML5DragDrop.testDragAndDrop5(TestHTML5DragDrop.java:78)
	at runTestCases.TestDragAndDrop.dragAndDrop5(TestDragAndDrop.java:57)
	at sun.reflect.NativeMethodAccessorImpl.invoke0(Native Method)
	at sun.reflect.NativeMethodAccessorImpl.invoke(Unknown Source)
	at sun.reflect.DelegatingMethodAccessorImpl.invoke(Unknown Source)
	at java.lang.reflect.Method.invoke(Unknown Source)
	at org.testng.internal.MethodInvocationHelper.invokeMethod(MethodInvocationHelper.java:108)
	at org.testng.internal.Invoker.invokeMethod(Invoker.java:661)
	at org.testng.internal.Invoker.invokeTestMethod(Invoker.java:869)
	at org.testng.internal.Invoker.invokeTestMethods(Invoker.java:1193)
	at org.testng.internal.TestMethodWorker.invokeTestMethods(TestMethodWorker.java:126)
	at org.testng.internal.TestMethodWorker.run(TestMethodWorker.java:109)
	at org.testng.TestRunner.privateRun(TestRunner.java:744)
	at org.testng.TestRunner.run(TestRunner.java:602)
	at org.testng.SuiteRunner.runTest(SuiteRunner.java:380)
	at org.testng.SuiteRunner.runSequentially(SuiteRunner.java:375)
	at org.testng.SuiteRunner.privateRun(SuiteRunner.java:340)
	at org.testng.SuiteRunner.run(SuiteRunner.java:289)
	at org.testng.SuiteRunnerWorker.runSuite(SuiteRunnerWorker.java:52)
	at org.testng.SuiteRunnerWorker.run(SuiteRunnerWorker.java:86)
	at org.testng.TestNG.runSuitesSequentially(TestNG.java:1301)
	at org.testng.TestNG.runSuitesLocally(TestNG.java:1226)
	at org.testng.TestNG.runSuites(TestNG.java:1144)
	at org.testng.TestNG.run(TestNG.java:1115)
	at org.apache.maven.surefire.testng.TestNGExecutor.run(TestNGExecutor.java:177)
	at org.apache.maven.surefire.testng.TestNGXmlTestSuite.execute(TestNGXmlTestSuite.java:92)
	at org.apache.maven.surefire.testng.TestNGProvider.invoke(TestNGProvider.java:105)
	at sun.reflect.NativeMethodAccessorImpl.invoke0(Native Method)
	at sun.reflect.NativeMethodAccessorImpl.invoke(Unknown Source)
	at sun.reflect.DelegatingMethodAccessorImpl.invoke(Unknown Source)
	at java.lang.reflect.Method.invoke(Unknown Source)
	at org.apache.maven.surefire.util.ReflectionUtils.invokeMethodWithArray(ReflectionUtils.java:189)
	at org.apache.maven.surefire.booter.ProviderFactory$ProviderProxy.invoke(ProviderFactory.java:165)
	at org.apache.maven.surefire.booter.ProviderFactory.invokeProvider(ProviderFactory.java:85)
	at org.apache.maven.surefire.booter.ForkedBooter.runSuitesInProcess(ForkedBooter.java:103)
	at org.apache.maven.surefire.booter.ForkedBooter.main(ForkedBooter.java:74)
]]>
            </full-stacktrace>
          </exception> <!-- java.lang.AssertionError -->
          <reporter-output>
          </reporter-output>
        </test-method> <!-- dragAndDrop5 -->
        <test-method status="PASS" signature="testW3SchoolsDragAndDrop()[pri:5, instance:runTestCases.TestDragAndDrop@136f0f5]" name="testW3SchoolsDragAndDrop" duration-ms="5619" started-at="2017-08-31T16:06:53Z" finished-at="2017-08-31T16:06:59Z">
          <reporter-output>
          </reporter-output>
        </test-method> <!-- testW3SchoolsDragAndDrop -->
        <test-method status="PASS" signature="tearDown()[pri:0, instance:runTestCases.TestDragAndDrop@136f0f5]" name="tearDown" is-config="true" duration-ms="2306" started-at="2017-08-31T16:06:59Z" finished-at="2017-08-31T16:07:01Z">
          <reporter-output>
          </reporter-output>
        </test-method> <!-- tearDown -->
      </class> <!-- runTestCases.TestDragAndDrop -->
    </test> <!-- DragAndDropTest -->
    <test name="TestThirdSuite" duration-ms="4590" started-at="2017-08-31T19:07:01Z" finished-at="2017-08-31T19:07:06Z">
      <class name="runTestCases.RunThirdSuite">
        <test-method status="PASS" signature="setUp()[pri:0, instance:runTestCases.RunThirdSuite@1b6d4ae]" name="setUp" is-config="true" duration-ms="2157" started-at="2017-08-31T16:07:01Z" finished-at="2017-08-31T16:07:03Z">
          <reporter-output>
          </reporter-output>
        </test-method> <!-- setUp -->
        <test-method status="PASS" signature="fillOutFirstSection()[pri:0, instance:runTestCases.RunThirdSuite@1b6d4ae]" name="fillOutFirstSection" duration-ms="567" started-at="2017-08-31T16:07:03Z" finished-at="2017-08-31T16:07:04Z">
          <reporter-output>
          </reporter-output>
        </test-method> <!-- fillOutFirstSection -->
        <test-method status="PASS" signature="fillOutSecondSection()[pri:1, instance:runTestCases.RunThirdSuite@1b6d4ae]" name="fillOutSecondSection" duration-ms="312" started-at="2017-08-31T16:07:04Z" finished-at="2017-08-31T16:07:04Z">
          <reporter-output>
          </reporter-output>
        </test-method> <!-- fillOutSecondSection -->
        <test-method status="PASS" signature="fillOutThirdSection()[pri:2, instance:runTestCases.RunThirdSuite@1b6d4ae]" name="fillOutThirdSection" duration-ms="322" started-at="2017-08-31T16:07:04Z" finished-at="2017-08-31T16:07:04Z">
          <reporter-output>
          </reporter-output>
        </test-method> <!-- fillOutThirdSection -->
        <test-method status="PASS" signature="submitForm()[pri:3, instance:runTestCases.RunThirdSuite@1b6d4ae]" name="submitForm" duration-ms="129" started-at="2017-08-31T16:07:04Z" finished-at="2017-08-31T16:07:05Z">
          <reporter-output>
          </reporter-output>
        </test-method> <!-- submitForm -->
        <test-method status="PASS" signature="tearDown()[pri:0, instance:runTestCases.RunThirdSuite@1b6d4ae]" name="tearDown" is-config="true" duration-ms="1101" started-at="2017-08-31T16:07:05Z" finished-at="2017-08-31T16:07:06Z">
          <reporter-output>
          </reporter-output>
        </test-method> <!-- tearDown -->
      </class> <!-- runTestCases.RunThirdSuite -->
    </test> <!-- TestThirdSuite -->
  </suite> <!-- Suite -->
</testng-results>
